app/build/outputs/logs/manifest-merger-debug-report.txt
-- Merging decision tree log ---
manifest
ADDED from src\main\AndroidManifest.xml:2:1-60:12
	package
		ADDED from src\main\AndroidManifest.xml:3:11-32
		INJECTED from src\main\AndroidManifest.xml
		INJECTED from src\main\AndroidManifest.xml
	android:versionName
		INJECTED from src\main\AndroidManifest.xml
		INJECTED from src\main\AndroidManifest.xml
	xmlns:android
		ADDED from src\main\AndroidManifest.xml:2:11-69
	android:versionCode
		INJECTED from src\main\AndroidManifest.xml
		INJECTED from src\main\AndroidManifest.xml
uses-permission#android.permission.INTERNET
ADDED from src\main\AndroidManifest.xml:4:5-66
	android:name
		ADDED from src\main\AndroidManifest.xml:4:22-64
uses-permission#android.permission.WRITE_EXTERNAL_STORAGE
ADDED from src\main\AndroidManifest.xml:5:5-80
MERGED from [com.jph.takephoto:takephoto_library:4.0.3] AndroidManifest.xml:11:5-81
	android:name
		ADDED from src\main\AndroidManifest.xml:5:22-78
uses-permission#android.permission.READ_EXTERNAL_STORAGE
ADDED from src\main\AndroidManifest.xml:6:5-79
MERGED from [com.darsh.multipleimageselect:multipleimageselect:1.0.4] AndroidManifest.xml:11:5-80
	android:name
		ADDED from src\main\AndroidManifest.xml:6:22-77
uses-permission#android.permission.CAMERA
ADDED from src\main\AndroidManifest.xml:7:5-64
MERGED from [com.jph.takephoto:takephoto_library:4.0.3] AndroidManifest.xml:12:5-65
	android:name
		ADDED from src\main\AndroidManifest.xml:7:22-62
uses-permission#android.permission.ACCESS_NETWORK_STATE
ADDED from src\main\AndroidManifest.xml:8:5-78
	android:name
		ADDED from src\main\AndroidManifest.xml:8:22-76
uses-permission#android.permission.ACCESS_WIFI_STATE
ADDED from src\main\AndroidManifest.xml:9:5-75
	android:name
		ADDED from src\main\AndroidManifest.xml:9:22-73
uses-permission#android.permission.READ_PHONE_STATE
ADDED from src\main\AndroidManifest.xml:10:5-74
	android:name
		ADDED from src\main\AndroidManifest.xml:10:22-72
uses-permission#android.permission.ACCESS_COARSE_LOCATION
ADDED from src\main\AndroidManifest.xml:11:5-80
	android:name
		ADDED from src\main\AndroidManifest.xml:11:22-78
application
ADDED from src\main\AndroidManifest.xml:12:5-58:19
MERGED from [com.github.bumptech.glide:okhttp3-integration:1.4.0] AndroidManifest.xml:11:5-15:19
MERGED from [com.jph.takephoto:takephoto_library:4.0.3] AndroidManifest.xml:14:5-26:19
MERGED from [com.darsh.multipleimageselect:multipleimageselect:1.0.4] AndroidManifest.xml:13:5-34:19
MERGED from [com.android.support:appcompat-v7:25.3.1] AndroidManifest.xml:29:5-20
MERGED from [com.android.support:animated-vector-drawable:25.3.1] AndroidManifest.xml:26:5-20
MERGED from [com.android.support:support-vector-drawable:25.3.1] AndroidManifest.xml:26:5-20
MERGED from [com.android.support.constraint:constraint-layout:1.0.1] AndroidManifest.xml:9:5-20
MERGED from [com.android.support:support-v4:25.3.1] AndroidManifest.xml:29:5-20
MERGED from [com.android.support:support-fragment:25.3.1] AndroidManifest.xml:29:5-20
MERGED from [com.android.support:support-media-compat:25.3.1] AndroidManifest.xml:29:5-20
MERGED from [com.android.support:support-core-utils:25.3.1] AndroidManifest.xml:29:5-20
MERGED from [com.android.support:support-core-ui:25.3.1] AndroidManifest.xml:29:5-20
MERGED from [com.android.support:support-compat:25.3.1] AndroidManifest.xml:29:5-20
	android:label
		ADDED from src\main\AndroidManifest.xml:16:9-41
	android:supportsRtl
		ADDED from src\main\AndroidManifest.xml:17:9-35
	android:allowBackup
		ADDED from src\main\AndroidManifest.xml:14:9-35
	android:icon
		ADDED from src\main\AndroidManifest.xml:15:9-40
	android:theme
		ADDED from src\main\AndroidManifest.xml:18:9-65
	android:name
		ADDED from src\main\AndroidManifest.xml:13:9-44
activity#hanliankeji.activity.MainActivity
ADDED from src\main\AndroidManifest.xml:19:9-27:20
	android:screenOrientation
		ADDED from src\main\AndroidManifest.xml:21:13-49
	android:name
		ADDED from src\main\AndroidManifest.xml:20:13-50
intent-filter#android.intent.action.MAIN+android.intent.category.LAUNCHER
ADDED from src\main\AndroidManifest.xml:22:13-26:29
action#android.intent.action.MAIN
ADDED from src\main\AndroidManifest.xml:23:17-68
	android:name
		ADDED from src\main\AndroidManifest.xml:23:25-66
category#android.intent.category.LAUNCHER
ADDED from src\main\AndroidManifest.xml:25:17-76
	android:name
		ADDED from src\main\AndroidManifest.xml:25:27-74
activity#hanliankeji.activity.LoginActivity
ADDED from src\main\AndroidManifest.xml:28:9-30:51
	android:screenOrientation
		ADDED from src\main\AndroidManifest.xml:30:13-49
	android:name
		ADDED from src\main\AndroidManifest.xml:29:13-51
activity#hanliankeji.activity.BusinessLoginActivity
ADDED from src\main\AndroidManifest.xml:31:9-33:51
	android:screenOrientation
		ADDED from src\main\AndroidManifest.xml:33:13-49
	android:name
		ADDED from src\main\AndroidManifest.xml:32:13-59
activity#hanliankeji.activity.SearchLocationActivity
ADDED from src\main\AndroidManifest.xml:34:9-36:51
	android:screenOrientation
		ADDED from src\main\AndroidManifest.xml:36:13-49
	android:name
		ADDED from src\main\AndroidManifest.xml:35:13-60
activity#hanliankeji.activity.VendorLoginActivity
ADDED from src\main\AndroidManifest.xml:37:9-39:51
	android:screenOrientation
		ADDED from src\main\AndroidManifest.xml:39:13-49
	android:name
		ADDED from src\main\AndroidManifest.xml:38:13-57
service#com.amap.api.location.APSService
ADDED from src\main\AndroidManifest.xml:42:9-67
	android:name
		ADDED from src\main\AndroidManifest.xml:42:18-65
meta-data#com.amap.api.v2.apikey
ADDED from src\main\AndroidManifest.xml:44:9-46:63
	android:value
		ADDED from src\main\AndroidManifest.xml:46:13-61
	android:name
		ADDED from src\main\AndroidManifest.xml:45:13-50
activity#hanliankeji.activity.WeihuActivity
ADDED from src\main\AndroidManifest.xml:48:9-49:20
	android:name
		ADDED from src\main\AndroidManifest.xml:48:19-57
activity#hanliankeji.activity.FindActivity
ADDED from src\main\AndroidManifest.xml:50:9-51:20
	android:name
		ADDED from src\main\AndroidManifest.xml:50:19-56
activity#hanliankeji.activity.AgreeActivity
ADDED from src\main\AndroidManifest.xml:52:9-53:20
	android:name
		ADDED from src\main\AndroidManifest.xml:52:19-57
activity#hanliankeji.activity.BusineActivity
ADDED from src\main\AndroidManifest.xml:54:9-55:20
	android:name
		ADDED from src\main\AndroidManifest.xml:54:19-58
activity#hanliankeji.activity.VenderActivity
ADDED from src\main\AndroidManifest.xml:56:9-57:20
	android:name
		ADDED from src\main\AndroidManifest.xml:56:19-58
uses-sdk
INJECTED from src\main\AndroidManifest.xml reason: use-sdk injection requested
MERGED from [com.jakewharton:butterknife:8.5.1] AndroidManifest.xml:5:5-43
MERGED from [com.bigkoo:alertview:1.0.3] AndroidManifest.xml:7:5-9:41
MERGED from [com.github.bumptech.glide:okhttp3-integration:1.4.0] AndroidManifest.xml:7:5-9:41
MERGED from [com.jph.takephoto:takephoto_library:4.0.3] AndroidManifest.xml:7:5-9:41
MERGED from [com.soundcloud.android.crop:lib_crop:1.0.0] AndroidManifest.xml:8:5-10:41
MERGED from [com.darsh.multipleimageselect:multipleimageselect:1.0.4] AndroidManifest.xml:7:5-9:41
MERGED from [com.android.support:appcompat-v7:25.3.1] AndroidManifest.xml:21:5-23:78
MERGED from [com.android.support:animated-vector-drawable:25.3.1] AndroidManifest.xml:20:5-44
MERGED from [com.android.support:support-vector-drawable:25.3.1] AndroidManifest.xml:20:5-43
MERGED from [me.shaohui.advancedluban:library:1.3.2] AndroidManifest.xml:7:5-9:41
MERGED from [io.reactivex:rxandroid:1.2.1] AndroidManifest.xml:19:5-43
MERGED from [com.zhy:okhttputils:2.6.2] AndroidManifest.xml:7:5-9:41
MERGED from [com.android.support.constraint:constraint-layout:1.0.1] AndroidManifest.xml:5:5-7:41
MERGED from [com.android.support:support-v4:25.3.1] AndroidManifest.xml:21:5-23:54
MERGED from [com.android.support:support-fragment:25.3.1] AndroidManifest.xml:21:5-23:60
MERGED from [com.android.support:support-media-compat:25.3.1] AndroidManifest.xml:21:5-23:63
MERGED from [com.android.support:support-core-utils:25.3.1] AndroidManifest.xml:21:5-23:61
MERGED from [com.android.support:recyclerview-v7:25.3.1] AndroidManifest.xml:20:5-43
MERGED from [com.android.support:support-core-ui:25.3.1] AndroidManifest.xml:21:5-23:58
MERGED from [com.android.support:support-compat:25.3.1] AndroidManifest.xml:21:5-23:58
	tools:overrideLibrary
		ADDED from [com.android.support:appcompat-v7:25.3.1] AndroidManifest.xml:23:9-75
	android:targetSdkVersion
		INJECTED from src\main\AndroidManifest.xml
		INJECTED from src\main\AndroidManifest.xml
	android:minSdkVersion
		INJECTED from src\main\AndroidManifest.xml
		INJECTED from src\main\AndroidManifest.xml
meta-data#com.bumptech.glide.integration.okhttp3.OkHttpGlideModule
ADDED from [com.github.bumptech.glide:okhttp3-integration:1.4.0] AndroidManifest.xml:12:9-14:43
	android:value
		ADDED from [com.github.bumptech.glide:okhttp3-integration:1.4.0] AndroidManifest.xml:14:13-40
	android:name
		ADDED from [com.github.bumptech.glide:okhttp3-integration:1.4.0] AndroidManifest.xml:13:13-84
activity#com.soundcloud.android.crop.CropImageActivity
ADDED from [com.jph.takephoto:takephoto_library:4.0.3] AndroidManifest.xml:15:9-82
	android:name
		ADDED from [com.jph.takephoto:takephoto_library:4.0.3] AndroidManifest.xml:15:19-79
provider#android.support.v4.content.FileProvider
ADDED from [com.jph.takephoto:takephoto_library:4.0.3] AndroidManifest.xml:17:9-25:20
	android:authorities
		ADDED from [com.jph.takephoto:takephoto_library:4.0.3] AndroidManifest.xml:19:13-64
	android:grantUriPermissions
		ADDED from [com.jph.takephoto:takephoto_library:4.0.3] AndroidManifest.xml:21:13-47
	android:exported
		ADDED from [com.jph.takephoto:takephoto_library:4.0.3] AndroidManifest.xml:20:13-37
	android:name
		ADDED from [com.jph.takephoto:takephoto_library:4.0.3] AndroidManifest.xml:18:13-67
meta-data#android.support.FILE_PROVIDER_PATHS
ADDED from [com.jph.takephoto:takephoto_library:4.0.3] AndroidManifest.xml:22:13-24:54
	android:resource
		ADDED from [com.jph.takephoto:takephoto_library:4.0.3] AndroidManifest.xml:24:17-51
	android:name
		ADDED from [com.jph.takephoto:takephoto_library:4.0.3] AndroidManifest.xml:23:17-67
activity#com.darsh.multipleimageselect.activities.AlbumSelectActivity
ADDED from [com.darsh.multipleimageselect:multipleimageselect:1.0.4] AndroidManifest.xml:16:9-24:20
	android:label
		ADDED from [com.darsh.multipleimageselect:multipleimageselect:1.0.4] AndroidManifest.xml:19:13-45
	android:configChanges
		ADDED from [com.darsh.multipleimageselect:multipleimageselect:1.0.4] AndroidManifest.xml:18:13-59
	android:theme
		ADDED from [com.darsh.multipleimageselect:multipleimageselect:1.0.4] AndroidManifest.xml:20:13-60
	android:name
		ADDED from [com.darsh.multipleimageselect:multipleimageselect:1.0.4] AndroidManifest.xml:17:13-88
intent-filter#android.intent.category.DEFAULT
ADDED from [com.darsh.multipleimageselect:multipleimageselect:1.0.4] AndroidManifest.xml:21:13-23:29
category#android.intent.category.DEFAULT
ADDED from [com.darsh.multipleimageselect:multipleimageselect:1.0.4] AndroidManifest.xml:22:17-76
	android:name
		ADDED from [com.darsh.multipleimageselect:multipleimageselect:1.0.4] AndroidManifest.xml:22:27-73
activity#com.darsh.multipleimageselect.activities.ImageSelectActivity
ADDED from [com.darsh.multipleimageselect:multipleimageselect:1.0.4] AndroidManifest.xml:25:9-33:20
	android:label
		ADDED from [com.darsh.multipleimageselect:multipleimageselect:1.0.4] AndroidManifest.xml:28:13-45
	android:configChanges
		ADDED from [com.darsh.multipleimageselect:multipleimageselect:1.0.4] AndroidManifest.xml:27:13-59
	android:theme
		ADDED from [com.darsh.multipleimageselect:multipleimageselect:1.0.4] AndroidManifest.xml:29:13-60
	android:name
		ADDED from [com.darsh.multipleimageselect:multipleimageselect:1.0.4] AndroidManifest.xml:26:13-88
meta-data#android.support.VERSION
ADDED from [com.android.support:appcompat-v7:25.3.1] AndroidManifest.xml:25:5-27:34
MERGED from [com.android.support:animated-vector-drawable:25.3.1] AndroidManifest.xml:22:5-24:34
MERGED from [com.android.support:support-vector-drawable:25.3.1] AndroidManifest.xml:22:5-24:34
MERGED from [com.android.support:support-v4:25.3.1] AndroidManifest.xml:25:5-27:34
MERGED from [com.android.support:support-fragment:25.3.1] AndroidManifest.xml:25:5-27:34
MERGED from [com.android.support:support-media-compat:25.3.1] AndroidManifest.xml:25:5-27:34
MERGED from [com.android.support:support-core-utils:25.3.1] AndroidManifest.xml:25:5-27:34
MERGED from [com.android.support:recyclerview-v7:25.3.1] AndroidManifest.xml:22:5-24:34
MERGED from [com.android.support:support-core-ui:25.3.1] AndroidManifest.xml:25:5-27:34
MERGED from [com.android.support:support-compat:25.3.1] AndroidManifest.xml:25:5-27:34
	android:value
		ADDED from [com.android.support:appcompat-v7:25.3.1] AndroidManifest.xml:27:9-31
	android:name
		ADDED from [com.android.support:appcompat-v7:25.3.1] AndroidManifest.xml:26:9-47